#
# A fatal error has been detected by the Java Runtime Environment:
#
#  EXCEPTION_ACCESS_VIOLATION (0xc0000005) at pc=0x0000000069c1be4b, pid=1984, tid=2880
#
# JRE version: 6.0_23-b05
# Java VM: Java HotSpot(TM) 64-Bit Server VM (19.0-b09 mixed mode windows-amd64 compressed oops)
# Problematic frame:
# C  [nvoglv64.DLL+0x71be4b]
#
# If you would like to submit a bug report, please visit:
#   http://java.sun.com/webapps/bugreport/crash.jsp
# The crash happened outside the Java Virtual Machine in native code.
# See problematic frame for where to report the bug.
#

---------------  T H R E A D  ---------------

Current thread (0x000000000e6ec000):  JavaThread "AWT-EventQueue-1" [_thread_in_native, id=2880, stack(0x0000000012990000,0x0000000012a90000)]

siginfo: ExceptionCode=0xc0000005, reading address 0x000000000009e5e8

Registers:
RAX=0x0000000000c20a22, RBX=0x0000000013c9f1b0, RCX=0x0000000012a8e270, RDX=0x0000000000000000
RSP=0x0000000012a8d940, RBP=0x0000000000000000, RSI=0x0000000013d00dc0, RDI=0x0000000012a8e270
R8=0x0000000013c9f1f8, R9=0x0000000013d00dc0, R10=0x0000000000000000, R11=0x0000000013d008f0
R12=0x0000000013c9f1f8, R13=0x0000000000000000, R14=0x0000000000000000, R15=0x0000000000000001
RIP=0x0000000069c1be4b, EFLAGS=0x0000000000010202

Register to memory mapping:

RAX=0x0000000000c20a22
0x0000000000c20a22 is pointing to unknown location

RBX=0x0000000013c9f1b0
0x0000000013c9f1b0 is pointing to unknown location

RCX=0x0000000012a8e270
0x0000000012a8e270 is pointing into the stack for thread: 0x000000000e6ec000
"AWT-EventQueue-1" prio=6 tid=0x000000000e6ec000 nid=0xb40 runnable [0x0000000012a8e000]
   java.lang.Thread.State: RUNNABLE

RDX=0x0000000000000000
0x0000000000000000 is pointing to unknown location

RSP=0x0000000012a8d940
0x0000000012a8d940 is pointing into the stack for thread: 0x000000000e6ec000
"AWT-EventQueue-1" prio=6 tid=0x000000000e6ec000 nid=0xb40 runnable [0x0000000012a8e000]
   java.lang.Thread.State: RUNNABLE

RBP=0x0000000000000000
0x0000000000000000 is pointing to unknown location

RSI=0x0000000013d00dc0
0x0000000013d00dc0 is pointing to unknown location

RDI=0x0000000012a8e270
0x0000000012a8e270 is pointing into the stack for thread: 0x000000000e6ec000
"AWT-EventQueue-1" prio=6 tid=0x000000000e6ec000 nid=0xb40 runnable [0x0000000012a8e000]
   java.lang.Thread.State: RUNNABLE

R8 =0x0000000013c9f1f8
0x0000000013c9f1f8 is pointing to unknown location

R9 =0x0000000013d00dc0
0x0000000013d00dc0 is pointing to unknown location

R10=0x0000000000000000
0x0000000000000000 is pointing to unknown location

R11=0x0000000013d008f0
0x0000000013d008f0 is pointing to unknown location

R12=0x0000000013c9f1f8
0x0000000013c9f1f8 is pointing to unknown location

R13=0x0000000000000000
0x0000000000000000 is pointing to unknown location

R14=0x0000000000000000
0x0000000000000000 is pointing to unknown location

R15=0x0000000000000001
0x0000000000000001 is pointing to unknown location


Top of Stack: (sp=0x0000000012a8d940)
0x0000000012a8d940:   0000000000000000 0000000000000000
0x0000000012a8d950:   0000000000000000 0000000000000000
0x0000000012a8d960:   0000000000000000 0000000000000000
0x0000000012a8d970:   000000003f800000 0000000000000000
0x0000000012a8d980:   0000000000000000 0000000000000000
0x0000000012a8d990:   0000000000000000 0000000000000000
0x0000000012a8d9a0:   0000000000000000 0000000000000000
0x0000000012a8d9b0:   0000000000000000 0000000000000000
0x0000000012a8d9c0:   000000003f800000 0000000000000000
0x0000000012a8d9d0:   0000000000000033 0000000000000065
0x0000000012a8d9e0:   0000000000000000 000007fefb60102e
0x0000000012a8d9f0:   0000000000000000 0000000000000000
0x0000000012a8da00:   0000000000000000 00000000164be4d4
0x0000000012a8da10:   0000000000000000 0000000000c20a22
0x0000000012a8da20:   0000000000000000 0000000000000000
0x0000000012a8da30:   0000000013d00d08 0000000000000000 

Instructions: (pc=0x0000000069c1be4b)
0x0000000069c1be3b:   49 0d 00 41 8b c7 e9 5d fa ff ff 48 85 c9 74 37
0x0000000069c1be4b:   48 83 ba e8 e5 09 00 00 75 08 48 8b ca e8 b3 e0 


Stack: [0x0000000012990000,0x0000000012a90000],  sp=0x0000000012a8d940,  free space=1014k
Native frames: (J=compiled Java code, j=interpreted, Vv=VM code, C=native code)
C  [nvoglv64.DLL+0x71be4b]

[error occurred during error reporting (printing native stack), id 0xc0000005]

Java frames: (J=compiled Java code, j=interpreted, Vv=VM code)
j  com.sun.opengl.impl.windows.WGL.SwapBuffers(J)Z+0
j  com.sun.opengl.impl.windows.WindowsOnscreenGLDrawable.swapBuffers()V+38
j  javax.media.opengl.GLCanvas$SwapBuffersAction.run()V+7
j  com.sun.opengl.impl.GLDrawableHelper.invokeGL(Ljavax/media/opengl/GLDrawable;Ljavax/media/opengl/GLContext;Ljava/lang/Runnable;Ljava/lang/Runnable;)V+418
j  javax.media.opengl.GLCanvas.maybeDoSingleThreadedWorkaround(Ljava/lang/Runnable;Ljava/lang/Runnable;)V+36
j  javax.media.opengl.GLCanvas.swapBuffers()V+9
j  gov.nasa.worldwind.WorldWindowGLAutoDrawable.doSwapBuffers(Ljavax/media/opengl/GLAutoDrawable;)V+1
j  gov.nasa.worldwind.WorldWindowGLAutoDrawable.display(Ljavax/media/opengl/GLAutoDrawable;)V+207
j  com.sun.opengl.impl.GLDrawableHelper.display(Ljavax/media/opengl/GLAutoDrawable;)V+29
j  javax.media.opengl.GLCanvas$DisplayAction.run()V+80
j  com.sun.opengl.impl.GLDrawableHelper.invokeGL(Ljavax/media/opengl/GLDrawable;Ljavax/media/opengl/GLContext;Ljava/lang/Runnable;Ljava/lang/Runnable;)V+418
j  javax.media.opengl.GLCanvas.maybeDoSingleThreadedWorkaround(Ljava/lang/Runnable;Ljava/lang/Runnable;)V+36
j  javax.media.opengl.GLCanvas.display()V+9
j  javax.media.opengl.GLCanvas.paint(Ljava/awt/Graphics;)V+125
j  sun.awt.RepaintArea.paintComponent(Ljava/awt/Component;Ljava/awt/Graphics;)V+6
j  sun.awt.RepaintArea.paint(Ljava/lang/Object;Z)V+326
j  sun.awt.windows.WComponentPeer.handleEvent(Ljava/awt/AWTEvent;)V+107
j  java.awt.Component.dispatchEventImpl(Ljava/awt/AWTEvent;)V+853
j  java.awt.Component.dispatchEvent(Ljava/awt/AWTEvent;)V+2
j  java.awt.EventQueue.dispatchEvent(Ljava/awt/AWTEvent;)V+46
j  org.netbeans.core.TimableEventQueue.dispatchEvent(Ljava/awt/AWTEvent;)V+17
J  java.awt.EventDispatchThread.pumpOneEventForFilters(I)Z
j  java.awt.EventDispatchThread.pumpEventsForFilter(ILjava/awt/Conditional;Ljava/awt/EventFilter;)V+30
j  java.awt.EventDispatchThread.pumpEventsForHierarchy(ILjava/awt/Conditional;Ljava/awt/Component;)V+11
j  java.awt.EventDispatchThread.pumpEvents(ILjava/awt/Conditional;)V+4
j  java.awt.EventDispatchThread.pumpEvents(Ljava/awt/Conditional;)V+3
j  java.awt.EventDispatchThread.run()V+9
v  ~StubRoutines::call_stub

---------------  P R O C E S S  ---------------

Java Threads: ( => current thread )
  0x000000000e3e6000 JavaThread "logger-awt" daemon [_thread_blocked, id=4272, stack(0x000000000a030000,0x000000000a130000)]
  0x000000000e558000 JavaThread "Inactive RequestProcessor thread [Was:Folder Instance Processor/org.openide.loaders.FolderInstance$1R]" daemon [_thread_blocked, id=5408, stack(0x0000000017120000,0x0000000017220000)]
  0x000000000e557800 JavaThread "Inactive RequestProcessor thread [Was:Folder Instance Processor/org.openide.loaders.FolderInstance$1R]" daemon [_thread_blocked, id=5292, stack(0x0000000017020000,0x0000000017120000)]
  0x000000000e3ed000 JavaThread "Inactive RequestProcessor thread [Was:Folder recognizer/org.openide.loaders.FolderList$ListTask]" daemon [_thread_blocked, id=4464, stack(0x0000000016f20000,0x0000000017020000)]
  0x000000000e3ec800 JavaThread "Inactive RequestProcessor thread [Was:Folder recognizer/org.openide.loaders.FolderList$ListTask]" daemon [_thread_blocked, id=1016, stack(0x0000000016e20000,0x0000000016f20000)]
  0x000000000e3eb800 JavaThread "Inactive RequestProcessor thread [Was:Timeout waitFinished compatibility processor/org.openide.util.Task$1Run]" daemon [_thread_blocked, id=3048, stack(0x0000000016bc0000,0x0000000016cc0000)]
  0x000000000e3ea800 JavaThread "Idle World Wind Retriever" daemon [_thread_blocked, id=5172, stack(0x0000000014cc0000,0x0000000014dc0000)]
  0x000000000e3e9800 JavaThread "Layer Resource Retriever i-cubed Landsat" daemon [_thread_blocked, id=5936, stack(0x0000000014bc0000,0x0000000014cc0000)]
  0x000000000e3e9000 JavaThread "Idle World Wind Retriever" daemon [_thread_blocked, id=6056, stack(0x0000000014ac0000,0x0000000014bc0000)]
  0x000000000e3e8000 JavaThread "Layer Resource Retriever Blue Marble (WMS) 2004" daemon [_thread_blocked, id=5748, stack(0x00000000149c0000,0x0000000014ac0000)]
  0x000000000e3e6800 JavaThread "DestroyJavaVM" [_thread_blocked, id=2324, stack(0x00000000026e0000,0x00000000027e0000)]
  0x000000000e6ee800 JavaThread "Idle World Wind Task " daemon [_thread_blocked, id=656, stack(0x00000000142b0000,0x00000000143b0000)]
  0x000000000e6ee000 JavaThread "Idle World Wind Task " daemon [_thread_blocked, id=3140, stack(0x00000000141b0000,0x00000000142b0000)]
  0x000000000e6ed800 JavaThread "Idle World Wind Task " daemon [_thread_blocked, id=5300, stack(0x00000000140b0000,0x00000000141b0000)]
  0x000000000e6ec800 JavaThread "Idle World Wind Task " daemon [_thread_blocked, id=5412, stack(0x0000000013fb0000,0x00000000140b0000)]
=>0x000000000e6ec000 JavaThread "AWT-EventQueue-1" [_thread_in_native, id=2880, stack(0x0000000012990000,0x0000000012a90000)]
  0x000000000e6ea800 JavaThread "Thread-12" daemon [_thread_blocked, id=4576, stack(0x0000000010c30000,0x0000000010d30000)]
  0x000000000e6e9800 JavaThread "Layer Resource Retriever i-cubed Landsat" daemon [_thread_blocked, id=4856, stack(0x00000000109e0000,0x0000000010ae0000)]
  0x000000000e6e9000 JavaThread "Idle World Wind Retriever" daemon [_thread_blocked, id=1056, stack(0x00000000108e0000,0x00000000109e0000)]
  0x000000000e6e8000 JavaThread "Layer Resource Retriever Blue Marble (WMS) 2004" daemon [_thread_blocked, id=5964, stack(0x00000000107e0000,0x00000000108e0000)]
  0x000000000e6e7800 JavaThread "Idle World Wind Retriever" daemon [_thread_blocked, id=5760, stack(0x00000000105e0000,0x00000000106e0000)]
  0x0000000006f26000 JavaThread "ElevationModel Resource Retriever Earth Elevation Model (USA 10m, WordWide 30m, Ocean 900m)" daemon [_thread_blocked, id=3380, stack(0x00000000104e0000,0x00000000105e0000)]
  0x0000000006f25000 JavaThread "Timer-1" [_thread_blocked, id=3680, stack(0x000000000f410000,0x000000000f510000)]
  0x0000000006f23800 JavaThread "Thread-5" daemon [_thread_blocked, id=5176, stack(0x000000000f210000,0x000000000f310000)]
  0x0000000006f23000 JavaThread "Thread-4" daemon [_thread_blocked, id=1732, stack(0x000000000f110000,0x000000000f210000)]
  0x0000000006f22000 JavaThread "TimerQueue" daemon [_thread_blocked, id=4340, stack(0x000000000f010000,0x000000000f110000)]
  0x0000000006f21800 JavaThread "pool-1-thread-5" [_thread_blocked, id=5356, stack(0x000000000ef10000,0x000000000f010000)]
  0x0000000006f21000 JavaThread "pool-1-thread-4" [_thread_blocked, id=5540, stack(0x000000000ee10000,0x000000000ef10000)]
  0x0000000006f20000 JavaThread "pool-1-thread-3" [_thread_blocked, id=5868, stack(0x000000000ed10000,0x000000000ee10000)]
  0x0000000006f1f800 JavaThread "pool-1-thread-2" [_thread_blocked, id=5700, stack(0x000000000ec10000,0x000000000ed10000)]
  0x0000000006f1e800 JavaThread "pool-1-thread-1" [_thread_blocked, id=4020, stack(0x00000000025e0000,0x00000000026e0000)]
  0x0000000007917000 JavaThread "D3D Screen Updater" daemon [_thread_blocked, id=4152, stack(0x000000000d340000,0x000000000d440000)]
  0x0000000007056000 JavaThread "AWT-Windows" daemon [_thread_in_native, id=4928, stack(0x0000000008930000,0x0000000008a30000)]
  0x00000000070b7000 JavaThread "AWT-Shutdown" [_thread_blocked, id=5908, stack(0x0000000008830000,0x0000000008930000)]
  0x00000000070ce800 JavaThread "Inactive RequestProcessor thread [Was:Timeout waitFinished compatibility processor/null]" daemon [_thread_blocked, id=5528, stack(0x0000000008730000,0x0000000008830000)]
  0x00000000070cd800 JavaThread "Java2D Disposer" daemon [_thread_blocked, id=5184, stack(0x00000000084e0000,0x00000000085e0000)]
  0x0000000006e50000 JavaThread "Inactive RequestProcessor thread [Was:Timeable Event Queue Watch Dog/org.netbeans.core.TimableEventQueue]" daemon [_thread_blocked, id=6012, stack(0x0000000007600000,0x0000000007700000)]
  0x0000000006e4f000 JavaThread "CLI Requests Server" daemon [_thread_in_native, id=1852, stack(0x0000000007500000,0x0000000007600000)]
  0x0000000006e3a800 JavaThread "Active Reference Queue Daemon" daemon [_thread_blocked, id=5116, stack(0x00000000071d0000,0x00000000072d0000)]
  0x00000000025b1000 JavaThread "Timer-0" daemon [_thread_blocked, id=5312, stack(0x00000000070d0000,0x00000000071d0000)]
  0x000000000251b000 JavaThread "Low Memory Detector" daemon [_thread_blocked, id=3504, stack(0x0000000006ad0000,0x0000000006bd0000)]
  0x000000000250b800 JavaThread "CompilerThread1" daemon [_thread_blocked, id=4976, stack(0x00000000069d0000,0x0000000006ad0000)]
  0x0000000002506800 JavaThread "CompilerThread0" daemon [_thread_blocked, id=6076, stack(0x00000000068d0000,0x00000000069d0000)]
  0x00000000024fd800 JavaThread "Attach Listener" daemon [_thread_blocked, id=4360, stack(0x00000000067d0000,0x00000000068d0000)]
  0x00000000024fb800 JavaThread "Signal Dispatcher" daemon [_thread_blocked, id=5816, stack(0x00000000066d0000,0x00000000067d0000)]
  0x00000000024a5800 JavaThread "Finalizer" daemon [_thread_blocked, id=4320, stack(0x00000000065d0000,0x00000000066d0000)]
  0x000000000249c800 JavaThread "Reference Handler" daemon [_thread_blocked, id=4996, stack(0x00000000064d0000,0x00000000065d0000)]

Other Threads:
  0x0000000002498000 VMThread [stack: 0x00000000063d0000,0x00000000064d0000] [id=4588]
  0x000000000252b800 WatcherThread [stack: 0x0000000006bd0000,0x0000000006cd0000] [id=1436]

VM state:not at safepoint (normal execution)

VM Mutex/Monitor currently owned by a thread: None

Heap
 PSYoungGen      total 279040K, used 66170K [0x00000000eaab0000, 0x00000000ff4b0000, 0x0000000100000000)
  eden space 253760K, 22% used [0x00000000eaab0000,0x00000000ee160140,0x00000000fa280000)
  from space 25280K, 41% used [0x00000000fa280000,0x00000000facc92d8,0x00000000fbb30000)
  to   space 24000K, 0% used [0x00000000fdd40000,0x00000000fdd40000,0x00000000ff4b0000)
 PSOldGen        total 76416K, used 61242K [0x00000000c0000000, 0x00000000c4aa0000, 0x00000000eaab0000)
  object space 76416K, 80% used [0x00000000c0000000,0x00000000c3bce838,0x00000000c4aa0000)
 PSPermGen       total 83968K, used 49766K [0x00000000bae00000, 0x00000000c0000000, 0x00000000c0000000)
  object space 83968K, 59% used [0x00000000bae00000,0x00000000bde999e8,0x00000000c0000000)

Dynamic libraries:
0x0000000000400000 - 0x000000000042e000 	C:\Program Files\Java\jdk1.6.0_23\jre\bin\javaw.exe
0x0000000077120000 - 0x00000000772cb000 	C:\Windows\SYSTEM32\ntdll.dll
0x0000000076f00000 - 0x000000007701f000 	C:\Windows\system32\kernel32.dll
0x000007fefd170000 - 0x000007fefd1db000 	C:\Windows\system32\KERNELBASE.dll
0x000007fefd9d0000 - 0x000007fefdaab000 	C:\Windows\system32\ADVAPI32.dll
0x000007feff230000 - 0x000007feff2cf000 	C:\Windows\system32\msvcrt.dll
0x000007feff2d0000 - 0x000007feff2ef000 	C:\Windows\SYSTEM32\sechost.dll
0x000007fefdb80000 - 0x000007fefdcae000 	C:\Windows\system32\RPCRT4.dll
0x0000000077020000 - 0x000000007711a000 	C:\Windows\system32\USER32.dll
0x000007feff2f0000 - 0x000007feff357000 	C:\Windows\system32\GDI32.dll
0x000007fefd560000 - 0x000007fefd56e000 	C:\Windows\system32\LPK.dll
0x000007feff360000 - 0x000007feff42a000 	C:\Windows\system32\USP10.dll
0x000007fefd7c0000 - 0x000007fefd7ee000 	C:\Windows\system32\IMM32.DLL
0x000007fefd450000 - 0x000007fefd559000 	C:\Windows\system32\MSCTF.dll
0x000000006d890000 - 0x000000006df80000 	C:\Program Files\Java\jdk1.6.0_23\jre\bin\server\jvm.dll
0x000007fefb270000 - 0x000007fefb2ab000 	C:\Windows\system32\WINMM.dll
0x000000006d750000 - 0x000000006d779000 	C:\Program Files\Java\jdk1.6.0_23\jre\bin\splashscreen.dll
0x000007fefb9a0000 - 0x000007fefb9f6000 	C:\Windows\system32\uxtheme.dll
0x000000006d800000 - 0x000000006d80e000 	C:\Program Files\Java\jdk1.6.0_23\jre\bin\verify.dll
0x000000006d450000 - 0x000000006d477000 	C:\Program Files\Java\jdk1.6.0_23\jre\bin\java.dll
0x000000006d3b0000 - 0x000000006d3ba000 	C:\Program Files\Java\jdk1.6.0_23\jre\bin\hpi.dll
0x00000000772e0000 - 0x00000000772e7000 	C:\Windows\system32\PSAPI.DLL
0x000000006d850000 - 0x000000006d862000 	C:\Program Files\Java\jdk1.6.0_23\jre\bin\zip.dll
0x000007fefec10000 - 0x000007fefee11000 	C:\Windows\system32\ole32.dll
0x000007fefcfb0000 - 0x000007fefcfbf000 	C:\Windows\system32\CRYPTBASE.dll
0x000000006d6a0000 - 0x000000006d6b7000 	C:\Program Files\Java\jdk1.6.0_23\jre\bin\net.dll
0x000007fefdcb0000 - 0x000007fefdcfd000 	C:\Windows\system32\WS2_32.dll
0x000007fefd570000 - 0x000007fefd578000 	C:\Windows\system32\NSI.dll
0x000007fefc8d0000 - 0x000007fefc924000 	C:\Windows\system32\mswsock.dll
0x000007fefc8c0000 - 0x000007fefc8c7000 	C:\Windows\System32\wship6.dll
0x000000006d6c0000 - 0x000000006d6cb000 	C:\Program Files\Java\jdk1.6.0_23\jre\bin\nio.dll
0x000007fefada0000 - 0x000007fefadc7000 	C:\Windows\system32\iphlpapi.dll
0x000007fefad90000 - 0x000007fefad9b000 	C:\Windows\system32\WINNSI.DLL
0x000007fefaac0000 - 0x000007fefaad1000 	C:\Windows\system32\dhcpcsvc6.DLL
0x000007fefaaa0000 - 0x000007fefaab8000 	C:\Windows\system32\dhcpcsvc.DLL
0x000007fefc2e0000 - 0x000007fefc2e7000 	C:\Windows\System32\wshtcpip.dll
0x000007fefc950000 - 0x000007fefc967000 	C:\Windows\system32\CRYPTSP.dll
0x000007fefc630000 - 0x000007fefc677000 	C:\Windows\system32\rsaenh.dll
0x000007fefc400000 - 0x000007fefc41e000 	C:\Windows\system32\USERENV.dll
0x000007fefd080000 - 0x000007fefd08f000 	C:\Windows\system32\profapi.dll
0x000007fefb0d0000 - 0x000007fefb0e5000 	C:\Windows\system32\NLAapi.dll
0x000007fefc750000 - 0x000007fefc7ab000 	C:\Windows\system32\DNSAPI.dll
0x000007fefb0b0000 - 0x000007fefb0bb000 	C:\Windows\System32\winrnr.dll
0x000007fefb090000 - 0x000007fefb0a5000 	C:\Windows\system32\napinsp.dll
0x000000006d0a0000 - 0x000000006d263000 	C:\Program Files\Java\jdk1.6.0_23\jre\bin\awt.dll
0x000007fef7b10000 - 0x000007fef7b80000 	C:\Windows\system32\WINSPOOL.DRV
0x000007fefde80000 - 0x000007fefec06000 	C:\Windows\system32\SHELL32.dll
0x000007fefee20000 - 0x000007fefee91000 	C:\Windows\system32\SHLWAPI.dll
0x000007fefbb80000 - 0x000007fefbd74000 	C:\Windows\WinSxS\amd64_microsoft.windows.common-controls_6595b64144ccf1df_6.0.7600.16385_none_fa645303170382f6\COMCTL32.dll
0x000007fefb600000 - 0x000007fefb618000 	C:\Windows\system32\DWMAPI.DLL
0x000007fef9ce0000 - 0x000007fef9cf9000 	C:\Windows\system32\pnrpnsp.dll
0x000007fef9dc0000 - 0x000007fef9dd0000 	C:\Windows\system32\wshbth.dll
0x0000000072eb0000 - 0x0000000072ee5000 	C:\Program Files\Bonjour\mdnsNSP.dll
0x000007fef91b0000 - 0x000007fef91b8000 	C:\Windows\system32\rasadhlp.dll
0x000007fefabd0000 - 0x000007fefac23000 	C:\Windows\System32\fwpuclnt.dll
0x000000006d340000 - 0x000000006d3a6000 	C:\Program Files\Java\jdk1.6.0_23\jre\bin\fontmanager.dll
0x000007feee880000 - 0x000007feeea7f000 	C:\Windows\system32\d3d9.dll
0x000007fefc210000 - 0x000007fefc21c000 	C:\Windows\system32\VERSION.dll
0x000007fefa180000 - 0x000007fefa187000 	C:\Windows\system32\d3d8thk.dll
0x000007feebae0000 - 0x000007feec6d4000 	C:\Windows\system32\nvd3dumx.dll
0x000007fefb450000 - 0x000007fefb47c000 	C:\Windows\system32\powrprof.dll
0x000007fefd7f0000 - 0x000007fefd9c7000 	C:\Windows\system32\SETUPAPI.dll
0x000007fefd130000 - 0x000007fefd166000 	C:\Windows\system32\CFGMGR32.dll
0x000007fefd620000 - 0x000007fefd6f7000 	C:\Windows\system32\OLEAUT32.dll
0x000007fefd2c0000 - 0x000007fefd2da000 	C:\Windows\system32\DEVOBJ.dll
0x0000000008630000 - 0x000000000868a000 	C:\Users\Dyolf\Documents\NetBeansProjects\hg\netbeans\build\cluster\modules\lib\amd64\jogl.dll
0x000007feeeb60000 - 0x000007feeec7d000 	C:\Windows\system32\OPENGL32.dll
0x000007fef6490000 - 0x000007fef64bd000 	C:\Windows\system32\GLU32.dll
0x000007feef510000 - 0x000007feef601000 	C:\Windows\system32\DDRAW.dll
0x000007fefa190000 - 0x000007fefa198000 	C:\Windows\system32\DCIMAN32.dll
0x000000006bde0000 - 0x000000006bea9000 	C:\Windows\WinSxS\amd64_microsoft.vc80.crt_1fc8b3b9a1e18e3b_8.0.50727.4927_none_88dce9872fb18caf\MSVCR80.dll
0x000000006d490000 - 0x000000006d497000 	C:\Program Files\Java\jdk1.6.0_23\jre\bin\jawt.dll
0x0000000008a30000 - 0x0000000008a37000 	C:\Users\Dyolf\Documents\NetBeansProjects\hg\netbeans\build\cluster\modules\lib\amd64\jogl_awt.dll
0x0000000069500000 - 0x000000006a766000 	C:\Windows\system32\nvoglv64.DLL
0x000000006d5e0000 - 0x000000006d5ea000 	C:\Program Files\Java\jdk1.6.0_23\jre\bin\management.dll

VM Arguments:
jvm_args: -Dnetbeans.logger.console=true -ea -Djdk.home=C:\Program Files\Java\jdk1.6.0_23 -Dnetbeans.home=C:\Program Files\NetBeans 7.0.1\platform -Dnetbeans.user=C:\Users\Dyolf\Documents\NetBeansProjects\hg\netbeans\build\testuserdir -XX:+HeapDumpOnOutOfMemoryError -XX:HeapDumpPath=C:\Users\Dyolf\Documents\NetBeansProjects\hg\netbeans\build\testuserdir\var\log\heapdump.hprof -Dnetbeans.system_http_proxy=DIRECT -Dsun.awt.keepWorkingSetOnMinimize=true -Dnetbeans.dirs=C:\Users\Dyolf\Documents\NetBeansProjects\hg\netbeans\build\cluster;C:\Program Files\NetBeans 7.0.1\platform 
java_command: org/netbeans/Main --branding netbeans
Launcher Type: SUN_STANDARD

Environment Variables:
CLASSPATH=.;C:\Program Files (x86)\Java\jre6\lib\ext\QTJava.zip
PATH=C:\cygwin\bin;c:\Program Files (x86)\NVIDIA Corporation\PhysX\Common;C:\Windows\system32;C:\Windows;C:\Windows\System32\Wbem;C:\Windows\System32\WindowsPowerShell\v1.0\;C:\Program Files\Java\jre6\bin\;C:\Program Files (x86)\QuickTime\QTSystem\;C:\Program Files\Mercurial\;C:\Program Files\TortoiseHg\
USERNAME=Dyolf
OS=Windows_NT
PROCESSOR_IDENTIFIER=Intel64 Family 6 Model 23 Stepping 6, GenuineIntel



---------------  S Y S T E M  ---------------

OS: Windows 7 Build 7600 

CPU:total 2 (2 cores per cpu, 1 threads per core) family 6 model 23 stepping 6, cmov, cx8, fxsr, mmx, sse, sse2, sse3, ssse3, sse4.1

Memory: 4k page, physical 4191184k(1397448k free), swap 9213308k(4611028k free)

vm_info: Java HotSpot(TM) 64-Bit Server VM (19.0-b09) for windows-amd64 JRE (1.6.0_23-b05), built on Nov 13 2010 02:43:42 by "java_re" with MS VC++ 8.0 (VS2005)

time: Tue Oct 18 14:17:04 2011
elapsed time: 51 seconds

