#
# A fatal error has been detected by the Java Runtime Environment:
#
#  EXCEPTION_ACCESS_VIOLATION (0xc0000005) at pc=0x0000000069c1be4b, pid=5700, tid=2092
#
# JRE version: 6.0_23-b05
# Java VM: Java HotSpot(TM) 64-Bit Server VM (19.0-b09 mixed mode windows-amd64 compressed oops)
# Problematic frame:
# C  [nvoglv64.DLL+0x71be4b]
#
# If you would like to submit a bug report, please visit:
#   http://java.sun.com/webapps/bugreport/crash.jsp
# The crash happened outside the Java Virtual Machine in native code.
# See problematic frame for where to report the bug.
#

---------------  T H R E A D  ---------------

Current thread (0x000000000c80c800):  JavaThread "AWT-EventQueue-1" [_thread_in_native, id=2092, stack(0x0000000010e10000,0x0000000010f10000)]

siginfo: ExceptionCode=0xc0000005, reading address 0x000000000009e5e8

Registers:
RAX=0x000000000082046c, RBX=0x0000000013fdb3b0, RCX=0x0000000010f0e3f0, RDX=0x0000000000000000
RSP=0x0000000010f0dac0, RBP=0x0000000000000000, RSI=0x0000000013fc18b0, RDI=0x0000000010f0e3f0
R8=0x0000000013fdb3f8, R9=0x0000000013fc18b0, R10=0x0000000000000000, R11=0x0000000013fc1b80
R12=0x0000000013fdb3f8, R13=0x0000000000000000, R14=0x0000000000000000, R15=0x0000000000000001
RIP=0x0000000069c1be4b, EFLAGS=0x0000000000010206

Register to memory mapping:

RAX=0x000000000082046c
0x000000000082046c is pointing to unknown location

RBX=0x0000000013fdb3b0
0x0000000013fdb3b0 is pointing to unknown location

RCX=0x0000000010f0e3f0
0x0000000010f0e3f0 is pointing into the stack for thread: 0x000000000c80c800
"AWT-EventQueue-1" prio=6 tid=0x000000000c80c800 nid=0x82c runnable [0x0000000010f0e000]
   java.lang.Thread.State: RUNNABLE

RDX=0x0000000000000000
0x0000000000000000 is pointing to unknown location

RSP=0x0000000010f0dac0
0x0000000010f0dac0 is pointing into the stack for thread: 0x000000000c80c800
"AWT-EventQueue-1" prio=6 tid=0x000000000c80c800 nid=0x82c runnable [0x0000000010f0e000]
   java.lang.Thread.State: RUNNABLE

RBP=0x0000000000000000
0x0000000000000000 is pointing to unknown location

RSI=0x0000000013fc18b0
0x0000000013fc18b0 is pointing to unknown location

RDI=0x0000000010f0e3f0
0x0000000010f0e3f0 is pointing into the stack for thread: 0x000000000c80c800
"AWT-EventQueue-1" prio=6 tid=0x000000000c80c800 nid=0x82c runnable [0x0000000010f0e000]
   java.lang.Thread.State: RUNNABLE

R8 =0x0000000013fdb3f8
0x0000000013fdb3f8 is pointing to unknown location

R9 =0x0000000013fc18b0
0x0000000013fc18b0 is pointing to unknown location

R10=0x0000000000000000
0x0000000000000000 is pointing to unknown location

R11=0x0000000013fc1b80
0x0000000013fc1b80 is pointing to unknown location

R12=0x0000000013fdb3f8
0x0000000013fdb3f8 is pointing to unknown location

R13=0x0000000000000000
0x0000000000000000 is pointing to unknown location

R14=0x0000000000000000
0x0000000000000000 is pointing to unknown location

R15=0x0000000000000001
0x0000000000000001 is pointing to unknown location


Top of Stack: (sp=0x0000000010f0dac0)
0x0000000010f0dac0:   0000000000000000 0000000000000000
0x0000000010f0dad0:   0000000000000000 0000000000000000
0x0000000010f0dae0:   0000000000000000 5be67d7800000000
0x0000000010f0daf0:   000000003f800000 0000000000000000
0x0000000010f0db00:   0000000000000000 0000000000000000
0x0000000010f0db10:   0000000000000000 0000000000000000
0x0000000010f0db20:   0000000000000000 0000000000000000
0x0000000010f0db30:   0000000000000000 0000000000000000
0x0000000010f0db40:   000000003f800000 0000000000000000
0x0000000010f0db50:   0000000000000033 0000000000000065
0x0000000010f0db60:   0000000000000000 000007fefb60102e
0x0000000010f0db70:   0000000000000000 0000000000000000
0x0000000010f0db80:   0000000000000000 00000000127bab74
0x0000000010f0db90:   0000000000000000 000000000082046c
0x0000000010f0dba0:   0000000000000000 0000000000000000
0x0000000010f0dbb0:   0000000013fc17f8 0000000000000000 

Instructions: (pc=0x0000000069c1be4b)
0x0000000069c1be3b:   49 0d 00 41 8b c7 e9 5d fa ff ff 48 85 c9 74 37
0x0000000069c1be4b:   48 83 ba e8 e5 09 00 00 75 08 48 8b ca e8 b3 e0 


Stack: [0x0000000010e10000,0x0000000010f10000],  sp=0x0000000010f0dac0,  free space=1014k
Native frames: (J=compiled Java code, j=interpreted, Vv=VM code, C=native code)
C  [nvoglv64.DLL+0x71be4b]

[error occurred during error reporting (printing native stack), id 0xc0000005]

Java frames: (J=compiled Java code, j=interpreted, Vv=VM code)
j  com.sun.opengl.impl.windows.WGL.SwapBuffers(J)Z+0
j  com.sun.opengl.impl.windows.WindowsOnscreenGLDrawable.swapBuffers()V+38
j  javax.media.opengl.GLCanvas$SwapBuffersAction.run()V+7
j  com.sun.opengl.impl.GLDrawableHelper.invokeGL(Ljavax/media/opengl/GLDrawable;Ljavax/media/opengl/GLContext;Ljava/lang/Runnable;Ljava/lang/Runnable;)V+418
j  javax.media.opengl.GLCanvas.maybeDoSingleThreadedWorkaround(Ljava/lang/Runnable;Ljava/lang/Runnable;)V+36
j  javax.media.opengl.GLCanvas.swapBuffers()V+9
j  gov.nasa.worldwind.WorldWindowGLAutoDrawable.doSwapBuffers(Ljavax/media/opengl/GLAutoDrawable;)V+1
j  gov.nasa.worldwind.WorldWindowGLAutoDrawable.display(Ljavax/media/opengl/GLAutoDrawable;)V+207
j  com.sun.opengl.impl.GLDrawableHelper.display(Ljavax/media/opengl/GLAutoDrawable;)V+29
j  javax.media.opengl.GLCanvas$DisplayAction.run()V+80
j  com.sun.opengl.impl.GLDrawableHelper.invokeGL(Ljavax/media/opengl/GLDrawable;Ljavax/media/opengl/GLContext;Ljava/lang/Runnable;Ljava/lang/Runnable;)V+418
j  javax.media.opengl.GLCanvas.maybeDoSingleThreadedWorkaround(Ljava/lang/Runnable;Ljava/lang/Runnable;)V+36
j  javax.media.opengl.GLCanvas.display()V+9
j  javax.media.opengl.GLCanvas.paint(Ljava/awt/Graphics;)V+125
j  sun.awt.RepaintArea.paintComponent(Ljava/awt/Component;Ljava/awt/Graphics;)V+6
j  sun.awt.RepaintArea.paint(Ljava/lang/Object;Z)V+326
j  sun.awt.windows.WComponentPeer.handleEvent(Ljava/awt/AWTEvent;)V+107
j  java.awt.Component.dispatchEventImpl(Ljava/awt/AWTEvent;)V+853
j  java.awt.Component.dispatchEvent(Ljava/awt/AWTEvent;)V+2
j  java.awt.EventQueue.dispatchEvent(Ljava/awt/AWTEvent;)V+46
j  org.netbeans.core.TimableEventQueue.dispatchEvent(Ljava/awt/AWTEvent;)V+17
J  java.awt.EventDispatchThread.pumpOneEventForFilters(I)Z
j  java.awt.EventDispatchThread.pumpEventsForFilter(ILjava/awt/Conditional;Ljava/awt/EventFilter;)V+30
j  java.awt.EventDispatchThread.pumpEventsForHierarchy(ILjava/awt/Conditional;Ljava/awt/Component;)V+11
j  java.awt.EventDispatchThread.pumpEvents(ILjava/awt/Conditional;)V+4
j  java.awt.EventDispatchThread.pumpEvents(Ljava/awt/Conditional;)V+3
j  java.awt.EventDispatchThread.run()V+9
v  ~StubRoutines::call_stub

---------------  P R O C E S S  ---------------

Java Threads: ( => current thread )
  0x000000000c721800 JavaThread "logger-awt" daemon [_thread_blocked, id=4100, stack(0x000000000aed0000,0x000000000afd0000)]
  0x000000000c722000 JavaThread "DestroyJavaVM" [_thread_blocked, id=1448, stack(0x0000000002760000,0x0000000002860000)]
  0x000000000c720800 JavaThread "Inactive RequestProcessor thread [Was:TimedSoftReference/org.openide.util.TimedSoftReference]" daemon [_thread_blocked, id=2368, stack(0x00000000133f0000,0x00000000134f0000)]
  0x000000000c720000 JavaThread "Idle World Wind Task " daemon [_thread_blocked, id=1156, stack(0x0000000012de0000,0x0000000012ee0000)]
  0x000000000c71f800 JavaThread "Idle World Wind Task " daemon [_thread_blocked, id=4304, stack(0x0000000012ce0000,0x0000000012de0000)]
  0x000000000c80e000 JavaThread "Idle World Wind Task " daemon [_thread_blocked, id=4404, stack(0x0000000012be0000,0x0000000012ce0000)]
  0x000000000c80d000 JavaThread "Idle World Wind Task " daemon [_thread_blocked, id=2124, stack(0x0000000012ae0000,0x0000000012be0000)]
=>0x000000000c80c800 JavaThread "AWT-EventQueue-1" [_thread_in_native, id=2092, stack(0x0000000010e10000,0x0000000010f10000)]
  0x000000000c80b000 JavaThread "Thread-12" daemon [_thread_blocked, id=4808, stack(0x0000000010060000,0x0000000010160000)]
  0x000000000c80a000 JavaThread "Layer Resource Retriever i-cubed Landsat" daemon [_thread_blocked, id=4532, stack(0x000000000fcc0000,0x000000000fdc0000)]
  0x000000000c809800 JavaThread "Idle World Wind Retriever" daemon [_thread_blocked, id=4380, stack(0x000000000fac0000,0x000000000fbc0000)]
  0x000000000c809000 JavaThread "Layer Resource Retriever Blue Marble (WMS) 2004" daemon [_thread_blocked, id=5672, stack(0x000000000f9c0000,0x000000000fac0000)]
  0x000000000c808000 JavaThread "Idle World Wind Retriever" daemon [_thread_blocked, id=2744, stack(0x000000000f8c0000,0x000000000f9c0000)]
  0x000000000c807800 JavaThread "ElevationModel Resource Retriever Earth Elevation Model (USA 10m, WordWide 30m, Ocean 900m)" daemon [_thread_blocked, id=5732, stack(0x000000000f7c0000,0x000000000f8c0000)]
  0x0000000007d84800 JavaThread "Timer-1" [_thread_blocked, id=4080, stack(0x000000000e5f0000,0x000000000e6f0000)]
  0x0000000007d83000 JavaThread "Thread-5" daemon [_thread_blocked, id=4280, stack(0x000000000e3f0000,0x000000000e4f0000)]
  0x0000000007d82800 JavaThread "Thread-4" daemon [_thread_blocked, id=2412, stack(0x000000000e2f0000,0x000000000e3f0000)]
  0x0000000007d81800 JavaThread "TimerQueue" daemon [_thread_blocked, id=4876, stack(0x000000000e0b0000,0x000000000e1b0000)]
  0x0000000007d81000 JavaThread "pool-1-thread-5" [_thread_blocked, id=5948, stack(0x000000000dfb0000,0x000000000e0b0000)]
  0x0000000007d80000 JavaThread "pool-1-thread-4" [_thread_blocked, id=2624, stack(0x000000000deb0000,0x000000000dfb0000)]
  0x0000000007d7f800 JavaThread "pool-1-thread-3" [_thread_blocked, id=5100, stack(0x000000000ddb0000,0x000000000deb0000)]
  0x0000000007d7e800 JavaThread "pool-1-thread-2" [_thread_blocked, id=6064, stack(0x000000000dcb0000,0x000000000ddb0000)]
  0x0000000007d7e000 JavaThread "pool-1-thread-1" [_thread_blocked, id=5492, stack(0x000000000dbb0000,0x000000000dcb0000)]
  0x0000000007d7d000 JavaThread "D3D Screen Updater" daemon [_thread_blocked, id=4648, stack(0x0000000002660000,0x0000000002760000)]
  0x0000000006fc7800 JavaThread "AWT-Windows" daemon [_thread_in_native, id=2064, stack(0x0000000008760000,0x0000000008860000)]
  0x000000000708f000 JavaThread "AWT-Shutdown" [_thread_blocked, id=5596, stack(0x0000000008660000,0x0000000008760000)]
  0x0000000006f9b800 JavaThread "Inactive RequestProcessor thread [Was:Folder recognizer/org.openide.loaders.FolderList$ListTask]" daemon [_thread_blocked, id=6096, stack(0x0000000008560000,0x0000000008660000)]
  0x0000000006f97000 JavaThread "Java2D Disposer" daemon [_thread_blocked, id=5632, stack(0x0000000007c20000,0x0000000007d20000)]
  0x0000000006f5b000 JavaThread "Inactive RequestProcessor thread [Was:Folder Instance Processor/org.openide.loaders.FolderInstance$1R]" daemon [_thread_blocked, id=1052, stack(0x00000000076b0000,0x00000000077b0000)]
  0x0000000006e6a000 JavaThread "CLI Requests Server" daemon [_thread_in_native, id=5712, stack(0x0000000007480000,0x0000000007580000)]
  0x0000000006db1000 JavaThread "Active Reference Queue Daemon" daemon [_thread_blocked, id=5396, stack(0x0000000007190000,0x0000000007290000)]
  0x0000000006d0e800 JavaThread "Timer-0" daemon [_thread_blocked, id=4524, stack(0x0000000007090000,0x0000000007190000)]
  0x00000000025a2800 JavaThread "Low Memory Detector" daemon [_thread_blocked, id=4900, stack(0x0000000006a90000,0x0000000006b90000)]
  0x0000000002597800 JavaThread "CompilerThread1" daemon [_thread_blocked, id=4464, stack(0x0000000006990000,0x0000000006a90000)]
  0x000000000257f800 JavaThread "CompilerThread0" daemon [_thread_blocked, id=5748, stack(0x0000000006890000,0x0000000006990000)]
  0x000000000257e000 JavaThread "Attach Listener" daemon [_thread_blocked, id=5460, stack(0x0000000006790000,0x0000000006890000)]
  0x000000000257c000 JavaThread "Signal Dispatcher" daemon [_thread_blocked, id=1316, stack(0x0000000006690000,0x0000000006790000)]
  0x0000000002525000 JavaThread "Finalizer" daemon [_thread_blocked, id=3996, stack(0x0000000006590000,0x0000000006690000)]
  0x000000000251c000 JavaThread "Reference Handler" daemon [_thread_blocked, id=5620, stack(0x0000000006490000,0x0000000006590000)]

Other Threads:
  0x0000000002517800 VMThread [stack: 0x0000000006390000,0x0000000006490000] [id=5696]
  0x00000000025b5800 WatcherThread [stack: 0x0000000006b90000,0x0000000006c90000] [id=5936]

VM state:not at safepoint (normal execution)

VM Mutex/Monitor currently owned by a thread: None

Heap
 PSYoungGen      total 262528K, used 177063K [0x00000000eaab0000, 0x00000000ff150000, 0x0000000100000000)
  eden space 240384K, 64% used [0x00000000eaab0000,0x00000000f42012f0,0x00000000f9570000)
  from space 22144K, 99% used [0x00000000f9570000,0x00000000fab08950,0x00000000fab10000)
  to   space 29312K, 0% used [0x00000000fd4b0000,0x00000000fd4b0000,0x00000000ff150000)
 PSOldGen        total 77504K, used 53246K [0x00000000c0000000, 0x00000000c4bb0000, 0x00000000eaab0000)
  object space 77504K, 68% used [0x00000000c0000000,0x00000000c33ff980,0x00000000c4bb0000)
 PSPermGen       total 50048K, used 49959K [0x00000000bae00000, 0x00000000bdee0000, 0x00000000c0000000)
  object space 50048K, 99% used [0x00000000bae00000,0x00000000bdec9e80,0x00000000bdee0000)

Dynamic libraries:
0x0000000000400000 - 0x000000000042e000 	C:\Program Files\Java\jdk1.6.0_23\jre\bin\javaw.exe
0x0000000077120000 - 0x00000000772cb000 	C:\Windows\SYSTEM32\ntdll.dll
0x0000000076f00000 - 0x000000007701f000 	C:\Windows\system32\kernel32.dll
0x000007fefd170000 - 0x000007fefd1db000 	C:\Windows\system32\KERNELBASE.dll
0x000007fefd9d0000 - 0x000007fefdaab000 	C:\Windows\system32\ADVAPI32.dll
0x000007feff230000 - 0x000007feff2cf000 	C:\Windows\system32\msvcrt.dll
0x000007feff2d0000 - 0x000007feff2ef000 	C:\Windows\SYSTEM32\sechost.dll
0x000007fefdb80000 - 0x000007fefdcae000 	C:\Windows\system32\RPCRT4.dll
0x0000000077020000 - 0x000000007711a000 	C:\Windows\system32\USER32.dll
0x000007feff2f0000 - 0x000007feff357000 	C:\Windows\system32\GDI32.dll
0x000007fefd560000 - 0x000007fefd56e000 	C:\Windows\system32\LPK.dll
0x000007feff360000 - 0x000007feff42a000 	C:\Windows\system32\USP10.dll
0x000007fefd7c0000 - 0x000007fefd7ee000 	C:\Windows\system32\IMM32.DLL
0x000007fefd450000 - 0x000007fefd559000 	C:\Windows\system32\MSCTF.dll
0x000000006d890000 - 0x000000006df80000 	C:\Program Files\Java\jdk1.6.0_23\jre\bin\server\jvm.dll
0x000007fefb270000 - 0x000007fefb2ab000 	C:\Windows\system32\WINMM.dll
0x000000006d750000 - 0x000000006d779000 	C:\Program Files\Java\jdk1.6.0_23\jre\bin\splashscreen.dll
0x000007fefb9a0000 - 0x000007fefb9f6000 	C:\Windows\system32\uxtheme.dll
0x000000006d800000 - 0x000000006d80e000 	C:\Program Files\Java\jdk1.6.0_23\jre\bin\verify.dll
0x000000006d450000 - 0x000000006d477000 	C:\Program Files\Java\jdk1.6.0_23\jre\bin\java.dll
0x000000006d3b0000 - 0x000000006d3ba000 	C:\Program Files\Java\jdk1.6.0_23\jre\bin\hpi.dll
0x00000000772e0000 - 0x00000000772e7000 	C:\Windows\system32\PSAPI.DLL
0x000000006d850000 - 0x000000006d862000 	C:\Program Files\Java\jdk1.6.0_23\jre\bin\zip.dll
0x000007fefec10000 - 0x000007fefee11000 	C:\Windows\system32\ole32.dll
0x000007fefcfb0000 - 0x000007fefcfbf000 	C:\Windows\system32\CRYPTBASE.dll
0x000000006d6a0000 - 0x000000006d6b7000 	C:\Program Files\Java\jdk1.6.0_23\jre\bin\net.dll
0x000007fefdcb0000 - 0x000007fefdcfd000 	C:\Windows\system32\WS2_32.dll
0x000007fefd570000 - 0x000007fefd578000 	C:\Windows\system32\NSI.dll
0x000007fefc8d0000 - 0x000007fefc924000 	C:\Windows\system32\mswsock.dll
0x000007fefc8c0000 - 0x000007fefc8c7000 	C:\Windows\System32\wship6.dll
0x000000006d6c0000 - 0x000000006d6cb000 	C:\Program Files\Java\jdk1.6.0_23\jre\bin\nio.dll
0x000007fefada0000 - 0x000007fefadc7000 	C:\Windows\system32\iphlpapi.dll
0x000007fefad90000 - 0x000007fefad9b000 	C:\Windows\system32\WINNSI.DLL
0x000007fefaac0000 - 0x000007fefaad1000 	C:\Windows\system32\dhcpcsvc6.DLL
0x000007fefaaa0000 - 0x000007fefaab8000 	C:\Windows\system32\dhcpcsvc.DLL
0x000007fefc2e0000 - 0x000007fefc2e7000 	C:\Windows\System32\wshtcpip.dll
0x000007fefc950000 - 0x000007fefc967000 	C:\Windows\system32\CRYPTSP.dll
0x000007fefc630000 - 0x000007fefc677000 	C:\Windows\system32\rsaenh.dll
0x000007fefc400000 - 0x000007fefc41e000 	C:\Windows\system32\USERENV.dll
0x000007fefd080000 - 0x000007fefd08f000 	C:\Windows\system32\profapi.dll
0x000007fefb0d0000 - 0x000007fefb0e5000 	C:\Windows\system32\NLAapi.dll
0x000007fefc750000 - 0x000007fefc7ab000 	C:\Windows\system32\DNSAPI.dll
0x000007fefb0b0000 - 0x000007fefb0bb000 	C:\Windows\System32\winrnr.dll
0x000007fefb090000 - 0x000007fefb0a5000 	C:\Windows\system32\napinsp.dll
0x000007fef9ce0000 - 0x000007fef9cf9000 	C:\Windows\system32\pnrpnsp.dll
0x000007fef9dc0000 - 0x000007fef9dd0000 	C:\Windows\system32\wshbth.dll
0x0000000072eb0000 - 0x0000000072ee5000 	C:\Program Files\Bonjour\mdnsNSP.dll
0x000007fef91b0000 - 0x000007fef91b8000 	C:\Windows\system32\rasadhlp.dll
0x000007fefabd0000 - 0x000007fefac23000 	C:\Windows\System32\fwpuclnt.dll
0x000000006d0a0000 - 0x000000006d263000 	C:\Program Files\Java\jdk1.6.0_23\jre\bin\awt.dll
0x000007fef7b10000 - 0x000007fef7b80000 	C:\Windows\system32\WINSPOOL.DRV
0x000007fefde80000 - 0x000007fefec06000 	C:\Windows\system32\SHELL32.dll
0x000007fefee20000 - 0x000007fefee91000 	C:\Windows\system32\SHLWAPI.dll
0x000007fefbb80000 - 0x000007fefbd74000 	C:\Windows\WinSxS\amd64_microsoft.windows.common-controls_6595b64144ccf1df_6.0.7600.16385_none_fa645303170382f6\COMCTL32.dll
0x000007fefb600000 - 0x000007fefb618000 	C:\Windows\system32\DWMAPI.DLL
0x000000006d340000 - 0x000000006d3a6000 	C:\Program Files\Java\jdk1.6.0_23\jre\bin\fontmanager.dll
0x000007feee880000 - 0x000007feeea7f000 	C:\Windows\system32\d3d9.dll
0x000007fefc210000 - 0x000007fefc21c000 	C:\Windows\system32\VERSION.dll
0x000007fefa180000 - 0x000007fefa187000 	C:\Windows\system32\d3d8thk.dll
0x000007feeab90000 - 0x000007feeb784000 	C:\Windows\system32\nvd3dumx.dll
0x000007fefb450000 - 0x000007fefb47c000 	C:\Windows\system32\powrprof.dll
0x000007fefd7f0000 - 0x000007fefd9c7000 	C:\Windows\system32\SETUPAPI.dll
0x000007fefd130000 - 0x000007fefd166000 	C:\Windows\system32\CFGMGR32.dll
0x000007fefd620000 - 0x000007fefd6f7000 	C:\Windows\system32\OLEAUT32.dll
0x000007fefd2c0000 - 0x000007fefd2da000 	C:\Windows\system32\DEVOBJ.dll
0x0000000010000000 - 0x000000001005a000 	C:\Users\Dyolf\Documents\NetBeansProjects\hg\netbeans\build\cluster\modules\lib\amd64\jogl.dll
0x000007feed4e0000 - 0x000007feed5fd000 	C:\Windows\system32\OPENGL32.dll
0x000007fef7db0000 - 0x000007fef7ddd000 	C:\Windows\system32\GLU32.dll
0x000007feef510000 - 0x000007feef601000 	C:\Windows\system32\DDRAW.dll
0x000007fefa190000 - 0x000007fefa198000 	C:\Windows\system32\DCIMAN32.dll
0x000000006bde0000 - 0x000000006bea9000 	C:\Windows\WinSxS\amd64_microsoft.vc80.crt_1fc8b3b9a1e18e3b_8.0.50727.4927_none_88dce9872fb18caf\MSVCR80.dll
0x000000006d490000 - 0x000000006d497000 	C:\Program Files\Java\jdk1.6.0_23\jre\bin\jawt.dll
0x000000000c2e0000 - 0x000000000c2e7000 	C:\Users\Dyolf\Documents\NetBeansProjects\hg\netbeans\build\cluster\modules\lib\amd64\jogl_awt.dll
0x0000000069500000 - 0x000000006a766000 	C:\Windows\system32\nvoglv64.DLL
0x000000006d5e0000 - 0x000000006d5ea000 	C:\Program Files\Java\jdk1.6.0_23\jre\bin\management.dll

VM Arguments:
jvm_args: -Dnetbeans.logger.console=true -ea -Djdk.home=C:\Program Files\Java\jdk1.6.0_23 -Dnetbeans.home=C:\Program Files\NetBeans 7.0.1\platform -Dnetbeans.user=C:\Users\Dyolf\Documents\NetBeansProjects\hg\netbeans\build\testuserdir -XX:+HeapDumpOnOutOfMemoryError -XX:HeapDumpPath=C:\Users\Dyolf\Documents\NetBeansProjects\hg\netbeans\build\testuserdir\var\log\heapdump.hprof -Dnetbeans.system_http_proxy=DIRECT -Dsun.awt.keepWorkingSetOnMinimize=true -Dnetbeans.dirs=C:\Users\Dyolf\Documents\NetBeansProjects\hg\netbeans\build\cluster;C:\Program Files\NetBeans 7.0.1\platform 
java_command: org/netbeans/Main --branding netbeans
Launcher Type: SUN_STANDARD

Environment Variables:
CLASSPATH=.;C:\Program Files (x86)\Java\jre6\lib\ext\QTJava.zip
PATH=C:\cygwin\bin;c:\Program Files (x86)\NVIDIA Corporation\PhysX\Common;C:\Windows\system32;C:\Windows;C:\Windows\System32\Wbem;C:\Windows\System32\WindowsPowerShell\v1.0\;C:\Program Files\Java\jre6\bin\;C:\Program Files (x86)\QuickTime\QTSystem\;C:\Program Files\Mercurial\;C:\Program Files\TortoiseHg\
USERNAME=Dyolf
OS=Windows_NT
PROCESSOR_IDENTIFIER=Intel64 Family 6 Model 23 Stepping 6, GenuineIntel



---------------  S Y S T E M  ---------------

OS: Windows 7 Build 7600 

CPU:total 2 (2 cores per cpu, 1 threads per core) family 6 model 23 stepping 6, cmov, cx8, fxsr, mmx, sse, sse2, sse3, ssse3, sse4.1

Memory: 4k page, physical 4191184k(1330456k free), swap 9213308k(4596332k free)

vm_info: Java HotSpot(TM) 64-Bit Server VM (19.0-b09) for windows-amd64 JRE (1.6.0_23-b05), built on Nov 13 2010 02:43:42 by "java_re" with MS VC++ 8.0 (VS2005)

time: Tue Oct 18 14:47:38 2011
elapsed time: 64 seconds

